0 info it worked if it ends with ok
1 verbose cli [ 'D:\\从D盘根目录移动的碎片文件\\4qi\\nodejs\\v740\\node.exe',
1 verbose cli   'D:\\从D盘根目录移动的碎片文件\\4qi\\nodejs\\v740\\node_modules\\npm\\bin\\npm-cli.js',
1 verbose cli   'run',
1 verbose cli   'dev' ]
2 info using npm@4.0.5
3 info using node@v7.4.0
4 verbose run-script [ 'predev', 'dev', 'postdev' ]
5 info lifecycle 03_mint-ui@1.0.0~predev: 03_mint-ui@1.0.0
6 silly lifecycle 03_mint-ui@1.0.0~predev: no script for predev, continuing
7 info lifecycle 03_mint-ui@1.0.0~dev: 03_mint-ui@1.0.0
8 verbose lifecycle 03_mint-ui@1.0.0~dev: unsafe-perm in lifecycle true
9 verbose lifecycle 03_mint-ui@1.0.0~dev: PATH: D:\从D盘根目录移动的碎片文件\4qi\nodejs\v740\node_modules\npm\bin\node-gyp-bin;C:\Users\tujunxiong\Desktop\传智34期\11-Vue-第5天-axios、mint-ui、项目起步\4-源代码\code\07_axios_options\node_modules\.bin;D:\Program Files\Git\cmd;c:\program files (x86)\graphicsmagick-1.3.23-q16;C:\Program Files\ImageMagick-7.0.3-Q16;C:\Windows\system32;C:\Windows;C:\Windows\System32\Wbem;C:\Windows\System32\WindowsPowerShell\v1.0\;C:\Program Files\MySQL\MySQL Server 5.5\bin;D:\dev\mysql\bin;D:\software\MongoDB\Server\3.2\bin;C:\Program Files (x86)\Windows Kits\8.1\Windows Performance Toolkit\;C:\Program Files (x86)\Java\jdk1.7.0_45\bin;D:\dev\MongoDB\Server\3.2\bin;C:\Users\tujunxiong\Desktop\;D:\从D盘根目录移动的碎片文件\4qi\nodejs\v740;D:\从D盘根目录移动的碎片文件\4qi\nodejs\v681;C:\Users\tujunxiong\AppData\Local\Microsoft\WindowsApps;C:\Users\tujunxiong\AppData\Local\atom\bin;C:\Users\tujunxiong\AppData\Roaming\npm;D:\tjx2
10 verbose lifecycle 03_mint-ui@1.0.0~dev: CWD: C:\Users\tujunxiong\Desktop\传智34期\11-Vue-第5天-axios、mint-ui、项目起步\4-源代码\code\07_axios_options
11 silly lifecycle 03_mint-ui@1.0.0~dev: Args: [ '/d /s /c', 'webpack-dev-server --inline --hot --open' ]
12 verbose stack Error: kill ENOSYS
12 verbose stack     at exports._errnoException (util.js:1022:11)
12 verbose stack     at process.kill (internal/process.js:173:13)
12 verbose stack     at process.listener (D:\从D盘根目录移动的碎片文件\4qi\nodejs\v740\node_modules\npm\node_modules\npmlog\node_modules\gauge\node_modules\signal-exit\index.js:86:15)
12 verbose stack     at emitNone (events.js:91:20)
12 verbose stack     at process.emit (events.js:185:7)
12 verbose stack     at processEmit (D:\从D盘根目录移动的碎片文件\4qi\nodejs\v740\node_modules\npm\node_modules\npmlog\node_modules\gauge\node_modules\signal-exit\index.js:146:32)
12 verbose stack     at processEmit (D:\从D盘根目录移动的碎片文件\4qi\nodejs\v740\node_modules\npm\node_modules\npm-registry-client\node_modules\npmlog\node_modules\gauge\node_modules\signal-exit\index.js:146:32)
12 verbose stack     at Signal.wrap.onsignal (internal/process.js:200:44)
13 verbose cwd C:\Users\tujunxiong\Desktop\传智34期\11-Vue-第5天-axios、mint-ui、项目起步\4-源代码\code\07_axios_options
14 error Windows_NT 10.0.14393
15 error argv "D:\\从D盘根目录移动的碎片文件\\4qi\\nodejs\\v740\\node.exe" "D:\\从D盘根目录移动的碎片文件\\4qi\\nodejs\\v740\\node_modules\\npm\\bin\\npm-cli.js" "run" "dev"
16 error node v7.4.0
17 error npm  v4.0.5
18 error code ENOSYS
19 error errno ENOSYS
20 error syscall kill
21 error kill ENOSYS
22 error If you need help, you may report this error at:
22 error     <https://github.com/npm/npm/issues>
23 verbose exit [ 1, true ]
