0 info it worked if it ends with ok
1 verbose cli [ 'D:\\从D盘根目录移动的碎片文件\\4qi\\nodejs\\v740\\node.exe',
1 verbose cli   'D:\\从D盘根目录移动的碎片文件\\4qi\\nodejs\\v740\\node_modules\\npm\\bin\\npm-cli.js',
1 verbose cli   'run',
1 verbose cli   'dev' ]
2 info using npm@4.0.5
3 info using node@v7.4.0
4 verbose run-script [ 'predev', 'dev', 'postdev' ]
5 info lifecycle 03_mint-ui@1.0.0~predev: 03_mint-ui@1.0.0
6 silly lifecycle 03_mint-ui@1.0.0~predev: no script for predev, continuing
7 info lifecycle 03_mint-ui@1.0.0~dev: 03_mint-ui@1.0.0
8 verbose lifecycle 03_mint-ui@1.0.0~dev: unsafe-perm in lifecycle true
9 verbose lifecycle 03_mint-ui@1.0.0~dev: PATH: D:\从D盘根目录移动的碎片文件\4qi\nodejs\v740\node_modules\npm\bin\node-gyp-bin;C:\Users\tujunxiong\Desktop\传智34期\11-Vue-第5天-axios、mint-ui、项目起步\4-源代码\code\10_login\node_modules\.bin;D:\Program Files\Git\cmd;c:\program files (x86)\graphicsmagick-1.3.23-q16;C:\Program Files\ImageMagick-7.0.3-Q16;C:\Windows\system32;C:\Windows;C:\Windows\System32\Wbem;C:\Windows\System32\WindowsPowerShell\v1.0\;C:\Program Files\MySQL\MySQL Server 5.5\bin;D:\dev\mysql\bin;D:\software\MongoDB\Server\3.2\bin;C:\Program Files (x86)\Windows Kits\8.1\Windows Performance Toolkit\;C:\Program Files (x86)\Java\jdk1.7.0_45\bin;D:\dev\MongoDB\Server\3.2\bin;C:\Users\tujunxiong\Desktop\;D:\从D盘根目录移动的碎片文件\4qi\nodejs\v740;D:\从D盘根目录移动的碎片文件\4qi\nodejs\v681;C:\Users\tujunxiong\AppData\Local\Microsoft\WindowsApps;C:\Users\tujunxiong\AppData\Local\atom\bin;C:\Users\tujunxiong\AppData\Roaming\npm;D:\tjx2
10 verbose lifecycle 03_mint-ui@1.0.0~dev: CWD: C:\Users\tujunxiong\Desktop\传智34期\11-Vue-第5天-axios、mint-ui、项目起步\4-源代码\code\10_login
11 silly lifecycle 03_mint-ui@1.0.0~dev: Args: [ '/d /s /c', 'webpack-dev-server --inline --hot --open' ]
12 silly lifecycle 03_mint-ui@1.0.0~dev: Returned: code: 3221225786  signal: null
13 info lifecycle 03_mint-ui@1.0.0~dev: Failed to exec dev script
14 verbose stack Error: 03_mint-ui@1.0.0 dev: `webpack-dev-server --inline --hot --open`
14 verbose stack Exit status 3221225786
14 verbose stack     at EventEmitter.<anonymous> (D:\从D盘根目录移动的碎片文件\4qi\nodejs\v740\node_modules\npm\lib\utils\lifecycle.js:279:16)
14 verbose stack     at emitTwo (events.js:106:13)
14 verbose stack     at EventEmitter.emit (events.js:191:7)
14 verbose stack     at ChildProcess.<anonymous> (D:\从D盘根目录移动的碎片文件\4qi\nodejs\v740\node_modules\npm\lib\utils\spawn.js:40:14)
14 verbose stack     at emitTwo (events.js:106:13)
14 verbose stack     at ChildProcess.emit (events.js:191:7)
14 verbose stack     at maybeClose (internal/child_process.js:885:16)
14 verbose stack     at Process.ChildProcess._handle.onexit (internal/child_process.js:226:5)
15 verbose pkgid 03_mint-ui@1.0.0
16 verbose cwd C:\Users\tujunxiong\Desktop\传智34期\11-Vue-第5天-axios、mint-ui、项目起步\4-源代码\code\10_login
17 error Windows_NT 10.0.14393
18 error argv "D:\\从D盘根目录移动的碎片文件\\4qi\\nodejs\\v740\\node.exe" "D:\\从D盘根目录移动的碎片文件\\4qi\\nodejs\\v740\\node_modules\\npm\\bin\\npm-cli.js" "run" "dev"
19 error node v7.4.0
20 error npm  v4.0.5
21 error code ELIFECYCLE
22 error 03_mint-ui@1.0.0 dev: `webpack-dev-server --inline --hot --open`
22 error Exit status 3221225786
23 error Failed at the 03_mint-ui@1.0.0 dev script 'webpack-dev-server --inline --hot --open'.
23 error Make sure you have the latest version of node.js and npm installed.
23 error If you do, this is most likely a problem with the 03_mint-ui package,
23 error not with npm itself.
23 error Tell the author that this fails on your system:
23 error     webpack-dev-server --inline --hot --open
23 error You can get information on how to open an issue for this project with:
23 error     npm bugs 03_mint-ui
23 error Or if that isn't available, you can get their info via:
23 error     npm owner ls 03_mint-ui
23 error There is likely additional logging output above.
24 verbose exit [ 1, true ]
